<?xml version="1.0" encoding="UTF-8"?>
<!-- Generated by org.testng.reporters.JUnitXMLReporter -->
<testsuite ignored="0" hostname="Supriya" failures="3" tests="16" name="Test" time="0.132" errors="0" timestamp="2024-12-13T19:42:55 EST">
  <testcase classname="TestP.day1" name="Login" time="0.0">
    <failure type="org.testng.TestNGException" message="
Parameter &amp;apos;URL&amp;apos; is required by @Test on method Login but has not been marked @Optional or defined
in C:\Users\supri\OneDrive\Documents\StudyM\Automation\Selenium\TestNGT\Purchase.xml">
      <![CDATA[org.testng.TestNGException: 
Parameter 'URL' is required by @Test on method Login but has not been marked @Optional or defined
in C:\Users\supri\OneDrive\Documents\StudyM\Automation\Selenium\TestNGT\Purchase.xml
at java.base/java.util.ArrayList.forEach(ArrayList.java:1511)
... Removed 26 stack frames]]>
    </failure>
  </testcase> <!-- Login -->
  <testcase classname="TestP.day1" name="RIDS" time="0.002"/>
  <testcase classname="TestP.day1" name="SIgnOut" time="0.001"/>
  <testcase classname="TestP.day1" name="SIgnOut" time="0.002"/>
  <testcase classname="TestP.day1" name="SIgnOut" time="0.002"/>
  <testcase classname="TestP.day1" name="plano" time="0.008">
    <failure type="java.lang.AssertionError" message="expected [true] but found [false]">
      <![CDATA[java.lang.AssertionError: expected [true] but found [false]
at TestP.day1.plano(day1.java:37)
at java.base/java.util.ArrayList.forEach(ArrayList.java:1511)
... Removed 31 stack frames]]>
    </failure>
  </testcase> <!-- plano -->
  <testcase classname="TestP.day1" name="Gerland" time="0.0">
    <skipped/>
  </testcase> <!-- Gerland -->
  <testcase classname="TestP.day2" name="LoginAPICarLoan" time="0.001"/>
  <testcase classname="TestP.day2" name="MobileCarlogin" time="0.001"/>
  <testcase classname="TestP.day2" name="WebCarlogin" time="0.0"/>
  <testcase classname="TestP.day3" name="LoginAPIHomeLoan" time="0.001"/>
  <testcase classname="TestP.day3" name="MobileHomelogin" time="0.001"/>
  <testcase classname="TestP.day3" name="WebHomelogin" time="0.0"/>
  <testcase classname="TestP.day3" name="cogin" time="0.0">
    <failure type="org.testng.TestNGException" message="
Parameter &amp;apos;URL&amp;apos; is required by @Test on method cogin but has not been marked @Optional or defined
in C:\Users\supri\OneDrive\Documents\StudyM\Automation\Selenium\TestNGT\Purchase.xml">
      <![CDATA[org.testng.TestNGException: 
Parameter 'URL' is required by @Test on method cogin but has not been marked @Optional or defined
in C:\Users\supri\OneDrive\Documents\StudyM\Automation\Selenium\TestNGT\Purchase.xml
at java.base/java.util.ArrayList.forEach(ArrayList.java:1511)
... Removed 26 stack frames]]>
    </failure>
  </testcase> <!-- cogin -->
  <testcase classname="TestP.day4" name="Demo" time="0.001"/>
  <testcase classname="TestP.day4" name="SecondDemo" time="0.001"/>
</testsuite> <!-- Test -->
